<?xml version="1.0" encoding="UTF-8"?>
<!-- Generated by org.testng.reporters.JUnitXMLReporter -->
<testsuite ignored="0" hostname="sk" failures="0" tests="5" name="Default test" time="46.404" errors="0" timestamp="2025-09-01T16:52:15 IST">
  <testcase classname="tests.TextBoxTest" name="testTextBox" time="1.037"/>
  <testcase classname="tests.TextBoxTest" name="testTextBox" time="0.536"/>
  <testcase classname="tests.TextBoxTest" name="testTextBox" time="5.796"/>
  <testcase classname="tests.TextBoxTest" name="testTextBox" time="5.645"/>
  <testcase classname="tests.TextBoxTest" name="testTextBox" time="0.448"/>
</testsuite> <!-- Default test -->
