<?xml version="1.0" encoding="UTF-8"?>
<testng-results ignored="0" total="2" passed="2" failed="0" skipped="0">
  <reporter-output>
  </reporter-output>
  <suite started-at="2025-09-01T15:54:12 IST" name="Default suite" finished-at="2025-09-01T15:54:46 IST" duration-ms="33941">
    <groups>
    </groups>
    <test started-at="2025-09-01T15:54:12 IST" name="Default test" finished-at="2025-09-01T15:54:46 IST" duration-ms="33941">
      <class name="tests.TextBoxTest">
        <test-method is-config="true" signature="setup()[pri:0, instance:tests.TextBoxTest@3c3d9b6b]" started-at="2025-09-01T15:54:12 IST" name="setup" finished-at="2025-09-01T15:54:43 IST" duration-ms="31007" status="PASS">
          <reporter-output>
          </reporter-output>
        </test-method> <!-- setup -->
        <test-method signature="positiveTest(java.lang.String,java.lang.String,java.lang.String,java.lang.String)[pri:0, instance:tests.TextBoxTest@3c3d9b6b]" started-at="2025-09-01T15:54:43 IST" name="positiveTest" data-provider="userData" finished-at="2025-09-01T15:54:44 IST" duration-ms="1264" status="PASS">
          <params>
            <param index="0">
              <value>
                <![CDATA[SK Automation]]>
              </value>
            </param>
            <param index="1">
              <value>
                <![CDATA[sk@test.com]]>
              </value>
            </param>
            <param index="2">
              <value>
                <![CDATA[123 Main St]]>
              </value>
            </param>
            <param index="3">
              <value>
                <![CDATA[456 Park Ave]]>
              </value>
            </param>
          </params>
          <reporter-output>
          </reporter-output>
        </test-method> <!-- positiveTest -->
        <test-method signature="positiveTest(java.lang.String,java.lang.String,java.lang.String,java.lang.String)[pri:0, instance:tests.TextBoxTest@3c3d9b6b]" started-at="2025-09-01T15:54:44 IST" name="positiveTest" data-provider="userData" finished-at="2025-09-01T15:54:46 IST" duration-ms="1559" status="PASS">
          <params>
            <param index="0">
              <value>
                <![CDATA[John Doe]]>
              </value>
            </param>
            <param index="1">
              <value>
                <![CDATA[john@example.com]]>
              </value>
            </param>
            <param index="2">
              <value>
                <![CDATA[789 Elm St]]>
              </value>
            </param>
            <param index="3">
              <value>
                <![CDATA[101 Pine Ave]]>
              </value>
            </param>
          </params>
          <reporter-output>
          </reporter-output>
        </test-method> <!-- positiveTest -->
        <test-method is-config="true" signature="teardown()[pri:0, instance:tests.TextBoxTest@3c3d9b6b]" started-at="2025-09-01T15:54:46 IST" name="teardown" finished-at="2025-09-01T15:54:46 IST" duration-ms="1" status="PASS">
          <reporter-output>
          </reporter-output>
        </test-method> <!-- teardown -->
      </class> <!-- tests.TextBoxTest -->
    </test> <!-- Default test -->
  </suite> <!-- Default suite -->
</testng-results>
