<?xml version="1.0" encoding="UTF-8"?>
<testng-results ignored="0" total="5" passed="5" failed="0" skipped="0">
  <reporter-output>
  </reporter-output>
  <suite started-at="2025-09-01T16:51:29 IST" name="Default suite" finished-at="2025-09-01T16:52:15 IST" duration-ms="46404">
    <groups>
    </groups>
    <test started-at="2025-09-01T16:51:29 IST" name="Default test" finished-at="2025-09-01T16:52:15 IST" duration-ms="46404">
      <class name="tests.TextBoxTest">
        <test-method is-config="true" signature="setup()[pri:0, instance:tests.TextBoxTest@4e50c791]" started-at="2025-09-01T16:51:29 IST" name="setup" finished-at="2025-09-01T16:52:01 IST" duration-ms="32100" status="PASS">
          <reporter-output>
          </reporter-output>
        </test-method> <!-- setup -->
        <test-method signature="testTextBox(java.lang.String,java.lang.String,java.lang.String,java.lang.String)[pri:0, instance:tests.TextBoxTest@4e50c791]" started-at="2025-09-01T16:52:01 IST" name="testTextBox" data-provider="userData" finished-at="2025-09-01T16:52:02 IST" duration-ms="1037" status="PASS">
          <params>
            <param index="0">
              <value>
                <![CDATA[SK Automation]]>
              </value>
            </param>
            <param index="1">
              <value>
                <![CDATA[sk@test.com]]>
              </value>
            </param>
            <param index="2">
              <value>
                <![CDATA[123 Main St]]>
              </value>
            </param>
            <param index="3">
              <value>
                <![CDATA[456 Park Ave]]>
              </value>
            </param>
          </params>
          <reporter-output>
          </reporter-output>
        </test-method> <!-- testTextBox -->
        <test-method signature="testTextBox(java.lang.String,java.lang.String,java.lang.String,java.lang.String)[pri:0, instance:tests.TextBoxTest@4e50c791]" started-at="2025-09-01T16:52:02 IST" name="testTextBox" data-provider="userData" finished-at="2025-09-01T16:52:03 IST" duration-ms="536" status="PASS">
          <params>
            <param index="0">
              <value>
                <![CDATA[John Doe]]>
              </value>
            </param>
            <param index="1">
              <value>
                <![CDATA[john@example.com]]>
              </value>
            </param>
            <param index="2">
              <value>
                <![CDATA[789 Elm St]]>
              </value>
            </param>
            <param index="3">
              <value>
                <![CDATA[101 Pine Ave]]>
              </value>
            </param>
          </params>
          <reporter-output>
          </reporter-output>
        </test-method> <!-- testTextBox -->
        <test-method signature="testTextBox(java.lang.String,java.lang.String,java.lang.String,java.lang.String)[pri:0, instance:tests.TextBoxTest@4e50c791]" started-at="2025-09-01T16:52:03 IST" name="testTextBox" data-provider="userData" finished-at="2025-09-01T16:52:08 IST" duration-ms="5796" status="PASS">
          <params>
            <param index="0">
              <value>
                <![CDATA[]]>
              </value>
            </param>
            <param index="1">
              <value>
                <![CDATA[sk@test.com]]>
              </value>
            </param>
            <param index="2">
              <value>
                <![CDATA[123 Main St]]>
              </value>
            </param>
            <param index="3">
              <value>
                <![CDATA[456 Park Ave]]>
              </value>
            </param>
          </params>
          <reporter-output>
          </reporter-output>
        </test-method> <!-- testTextBox -->
        <test-method signature="testTextBox(java.lang.String,java.lang.String,java.lang.String,java.lang.String)[pri:0, instance:tests.TextBoxTest@4e50c791]" started-at="2025-09-01T16:52:08 IST" name="testTextBox" data-provider="userData" finished-at="2025-09-01T16:52:14 IST" duration-ms="5645" status="PASS">
          <params>
            <param index="0">
              <value>
                <![CDATA[Jane]]>
              </value>
            </param>
            <param index="1">
              <value>
                <![CDATA[invalid-email]]>
              </value>
            </param>
            <param index="2">
              <value>
                <![CDATA[123]]>
              </value>
            </param>
            <param index="3">
              <value>
                <![CDATA[456]]>
              </value>
            </param>
          </params>
          <reporter-output>
          </reporter-output>
        </test-method> <!-- testTextBox -->
        <test-method signature="testTextBox(java.lang.String,java.lang.String,java.lang.String,java.lang.String)[pri:0, instance:tests.TextBoxTest@4e50c791]" started-at="2025-09-01T16:52:14 IST" name="testTextBox" data-provider="userData" finished-at="2025-09-01T16:52:15 IST" duration-ms="448" status="PASS">
          <params>
            <param index="0">
              <value>
                <![CDATA[Very long name exceeding limits to test edge cases]]>
              </value>
            </param>
            <param index="1">
              <value>
                <![CDATA[long@test.com]]>
              </value>
            </param>
            <param index="2">
              <value>
                <![CDATA[Addr1]]>
              </value>
            </param>
            <param index="3">
              <value>
                <![CDATA[Addr2]]>
              </value>
            </param>
          </params>
          <reporter-output>
          </reporter-output>
        </test-method> <!-- testTextBox -->
        <test-method is-config="true" signature="teardown()[pri:0, instance:tests.TextBoxTest@4e50c791]" started-at="2025-09-01T16:52:15 IST" name="teardown" finished-at="2025-09-01T16:52:15 IST" duration-ms="786" status="PASS">
          <reporter-output>
          </reporter-output>
        </test-method> <!-- teardown -->
      </class> <!-- tests.TextBoxTest -->
    </test> <!-- Default test -->
  </suite> <!-- Default suite -->
</testng-results>
